<?xml version="1.0" encoding="utf-8"?><testsuites><testsuite name="pytest" errors="0" failures="0" skipped="0" tests="94" time="0.864" timestamp="2026-06-22T19:36:51.236519+10:00" hostname="desktop"><testcase classname="tests.test_bollinger_strategy" name="test_returns_none_during_warmup" time="0.001" /><testcase classname="tests.test_bollinger_strategy" name="test_buy_signal_when_price_breaks_upper_band" time="0.000" /><testcase classname="tests.test_bollinger_strategy" name="test_sell_signal_when_price_drops_below_midline" time="0.000" /><testcase classname="tests.test_bollinger_strategy" name="test_no_sell_without_position" time="0.000" /><testcase classname="tests.test_bollinger_strategy" name="test_min_band_width_suppresses_buy" time="0.000" /><testcase classname="tests.test_bollinger_strategy" name="test_min_band_width_allows_buy_when_met" time="0.000" /><testcase classname="tests.test_bollinger_strategy" name="test_trend_filter_allows_buy_in_uptrend" time="0.000" /><testcase classname="tests.test_bollinger_strategy" name="test_trend_filter_blocks_buy_in_downtrend" time="0.000" /><testcase classname="tests.test_bollinger_strategy" name="test_trend_filter_blocks_buy_during_warmup" time="0.000" /><testcase classname="tests.test_bollinger_strategy" name="test_trend_filter_off_by_default" time="0.000" /><testcase classname="tests.test_bollinger_strategy" name="test_stop_loss_exits_underwater_position_despite_profit_gate" time="0.000" /><testcase classname="tests.test_bollinger_strategy" name="test_disabled_stop_loss_holds_underwater_position" time="0.000" /><testcase classname="tests.test_bollinger_strategy" name="test_stop_loss_holds_above_threshold" time="0.000" /><testcase classname="tests.test_bollinger_strategy" name="test_strategy_name" time="0.000" /><testcase classname="tests.test_candles" name="test_first_tick_returns_none" time="0.000" /><testcase classname="tests.test_candles" name="test_second_tick_same_boundary_returns_none" time="0.000" /><testcase classname="tests.test_candles" name="test_new_boundary_returns_completed_candle" time="0.000" /><testcase classname="tests.test_candles" name="test_high_low_close_tracked_across_ticks" time="0.000" /><testcase classname="tests.test_candles" name="test_multiple_candles_accumulate" time="0.000" /><testcase classname="tests.test_candles" name="test_candles_property_reflects_completed" time="0.000" /><testcase classname="tests.test_candles" name="test_4h_candle_boundary_groups_hours" time="0.000" /><testcase classname="tests.test_config" name="test_load_settings" time="0.003" /><testcase classname="tests.test_config" name="test_currency_config" time="0.001" /><testcase classname="tests.test_config" name="test_quantity_non_positive_raises[0]" time="0.000" /><testcase classname="tests.test_config" name="test_quantity_non_positive_raises[-0.001]" time="0.000" /><testcase classname="tests.test_config" name="test_quantity_non_positive_raises[-1.0]" time="0.000" /><testcase classname="tests.test_config" name="test_quantity_over_cap_raises" time="0.000" /><testcase classname="tests.test_config" name="test_quantity_valid_boundaries" time="0.000" /><testcase classname="tests.test_config" name="test_invalid_mode_raises" time="0.000" /><testcase classname="tests.test_config" name="test_valid_modes" time="0.000" /><testcase classname="tests.test_config" name="test_production_mode_raises_without_api_keys" time="0.002" /><testcase classname="tests.test_config" name="test_production_mode_passes_with_api_keys" time="0.002" /><testcase classname="tests.test_config" name="test_test_mode_passes_without_api_keys" time="0.002" /><testcase classname="tests.test_ema_strategy" name="test_returns_none_during_warmup" time="0.000" /><testcase classname="tests.test_ema_strategy" name="test_buy_signal_on_fast_slow_crossover" time="0.000" /><testcase classname="tests.test_ema_strategy" name="test_no_signal_when_prices_flat" time="0.000" /><testcase classname="tests.test_ema_strategy" name="test_sell_signal_after_buy" time="0.000" /><testcase classname="tests.test_ema_strategy" name="test_atr_filter_suppresses_buy" time="0.000" /><testcase classname="tests.test_ema_strategy" name="test_strategy_name" time="0.000" /><testcase classname="tests.test_executor" name="test_test_mode_records_trade" time="0.003" /><testcase classname="tests.test_executor" name="test_production_mode_never_fires_in_test" time="0.002" /><testcase classname="tests.test_executor" name="test_max_order_usd_blocks_oversized_buy" time="0.002" /><testcase classname="tests.test_executor" name="test_max_order_usd_allows_order_within_limit" time="0.002" /><testcase classname="tests.test_executor" name="test_tui_queue_receives_trade" time="0.002" /><testcase classname="tests.test_health" name="test_cache_miss_makes_live_calls" time="0.006" /><testcase classname="tests.test_health" name="test_cache_hit_skips_live_calls" time="0.003" /><testcase classname="tests.test_health" name="test_cache_expired_makes_new_calls" time="0.003" /><testcase classname="tests.test_health" name="test_uptime_seconds_is_live" time="0.003" /><testcase classname="tests.test_health" name="test_degraded_status_on_check_failure" time="0.003" /><testcase classname="tests.test_indicators" name="test_ema_too_few_values_returns_empty" time="0.000" /><testcase classname="tests.test_indicators" name="test_ema_exact_period" time="0.000" /><testcase classname="tests.test_indicators" name="test_ema_smoothing" time="0.000" /><testcase classname="tests.test_indicators" name="test_ema_fast_higher_than_slow_after_spike" time="0.000" /><testcase classname="tests.test_indicators" name="test_atr_too_few_candles_returns_none" time="0.000" /><testcase classname="tests.test_indicators" name="test_atr_flat_prices_zero" time="0.000" /><testcase classname="tests.test_indicators" name="test_atr_with_range" time="0.000" /><testcase classname="tests.test_indicators" name="test_bollinger_too_few_values_returns_none" time="0.000" /><testcase classname="tests.test_indicators" name="test_bollinger_flat_prices_no_spread" time="0.000" /><testcase classname="tests.test_indicators" name="test_bollinger_upper_mid_lower_ordering" time="0.000" /><testcase classname="tests.test_indicators" name="test_bollinger_uses_last_period_values" time="0.000" /><testcase classname="tests.test_kraken_rest" name="test_place_order_returns_txid" time="0.004" /><testcase classname="tests.test_kraken_rest" name="test_place_order_raises_on_kraken_error" time="0.002" /><testcase classname="tests.test_kraken_ws" name="test_backoff_resets_on_code_1000" time="0.007" /><testcase classname="tests.test_kraken_ws" name="test_backoff_not_reset_on_code_1006" time="0.002" /><testcase classname="tests.test_kraken_ws" name="test_backoff_not_reset_on_abnormal_close" time="0.002" /><testcase classname="tests.test_kraken_ws" name="test_feed_healthy_false_when_never_connected" time="0.001" /><testcase classname="tests.test_kraken_ws" name="test_feed_healthy_true_within_threshold" time="0.001" /><testcase classname="tests.test_kraken_ws" name="test_feed_healthy_false_beyond_threshold" time="0.001" /><testcase classname="tests.test_statistics" name="test_empty_db_returns_zeros" time="0.002" /><testcase classname="tests.test_statistics" name="test_winning_trade" time="0.002" /><testcase classname="tests.test_statistics" name="test_losing_trade" time="0.002" /><testcase classname="tests.test_statistics" name="test_mixed_trades_win_rate" time="0.002" /><testcase classname="tests.test_statistics" name="test_all_strategies_returns_sorted_unique" time="0.002" /><testcase classname="tests.test_strategy" name="test_buy_signal_when_ask_at_trigger" time="0.000" /><testcase classname="tests.test_strategy" name="test_buy_signal_when_ask_below_trigger" time="0.000" /><testcase classname="tests.test_strategy" name="test_no_signal_above_buy_trigger" time="0.000" /><testcase classname="tests.test_strategy" name="test_sell_signal_after_buy" time="0.000" /><testcase classname="tests.test_strategy" name="test_no_sell_without_position" time="0.000" /><testcase classname="tests.test_strategy" name="test_restore_sets_in_position_after_buy" time="0.002" /><testcase classname="tests.test_strategy" name="test_restore_clears_position_after_sell" time="0.002" /><testcase classname="tests.test_strategy" name="test_registry_returns_threshold" time="0.000" /><testcase classname="tests.test_strategy" name="test_registry_raises_on_unknown" time="0.000" /><testcase classname="tests.test_trader" name="test_trader_test_mode_loads_all_strategies" time="0.025" /><testcase classname="tests.test_trader" name="test_trader_production_mode_loads_single_strategy" time="0.002" /><testcase classname="tests.test_trader" name="test_trader_forwards_tick_to_tui_price_queue" time="0.055" /><testcase classname="tests.test_trader" name="test_trader_drops_tick_silently_when_tui_queue_full" time="0.055" /><testcase classname="tests.test_trader" name="test_trader_ignores_unknown_pair" time="0.055" /><testcase classname="tests.test_trader" name="test_trader_skips_execute_when_feed_unhealthy" time="0.056" /><testcase classname="tests.test_trader" name="test_trader_calls_execute_when_feed_healthy" time="0.056" /><testcase classname="tests.test_trader" name="test_trader_calls_execute_when_no_feed_fn" time="0.055" /><testcase classname="tests.test_trend_pullback_strategy" name="test_returns_none_during_warmup" time="0.001" /><testcase classname="tests.test_trend_pullback_strategy" name="test_sell_when_trend_down" time="0.001" /><testcase classname="tests.test_trend_pullback_strategy" name="test_sell_when_price_below_pullback_ema" time="0.000" /><testcase classname="tests.test_trend_pullback_strategy" name="test_strategy_name" time="0.001" /></testsuite></testsuites>